#-----------------------------------------------------------
# Vivado v2020.2.2 (64-bit)
# SW Build 3118627 on Tue Feb  9 05:14:06 MST 2021
# IP Build 3115676 on Tue Feb  9 10:48:11 MST 2021
# Start of session at: Tue Jan 14 21:41:41 2025
# Process ID: 4948
# Current directory: D:/Vivado/TTCS2/TX_UART
# Command line: vivado.exe -gui_launcher_event rodinguilauncherevent9660 D:\Vivado\TTCS2\TX_UART\TX_UART.xpr
# Log file: D:/Vivado/TTCS2/TX_UART/vivado.log
# Journal file: D:/Vivado/TTCS2/TX_UART\vivado.jou
#-----------------------------------------------------------
start_gui
open_project D:/Vivado/TTCS2/TX_UART/TX_UART.xpr
Scanning sources...
Finished scanning sources
INFO: [IP_Flow 19-234] Refreshing IP repositories
INFO: [IP_Flow 19-1704] No user IP repositories specified
INFO: [IP_Flow 19-2313] Loaded Vivado IP repository 'C:/Xilinx/Vivado/2020.2/data/ip'.
open_project: Time (s): cpu = 00:00:15 ; elapsed = 00:00:08 . Memory (MB): peak = 1130.957 ; gain = 0.000
update_compile_order -fileset sources_1
set_property SOURCE_SET sources_1 [get_filesets sim_1]
import_files -fileset sim_1 -norecurse {D:/Vivado/TTCS2/TTCS2/TTCS2.srcs/sim_1/new/tb_CLOCK16.vhd D:/Vivado/TTCS2/TTCS2/TTCS2.srcs/sim_1/new/tb_cnt.vhd}
update_compile_order -fileset sim_1
exit
INFO: [Common 17-206] Exiting Vivado at Tue Jan 14 21:45:23 2025...
